<?xml version="1.0" encoding="UTF-8"?>
<testsuite xmlns:xsi="http://www.w3.org/2001/XMLSchema-instance" xsi:noNamespaceSchemaLocation="https://maven.apache.org/surefire/maven-surefire-plugin/xsd/surefire-test-report-3.0.xsd" version="3.0" name="com.conference.auth.ApiKeyAuthFilterTest" time="0.227" tests="7" errors="0" skipped="0" failures="0">
  <properties>
    <property name="java.specification.version" value="19"/>
    <property name="sun.cpu.isalist" value="amd64"/>
    <property name="sun.jnu.encoding" value="Cp1252"/>
    <property name="java.class.path" value="D:\java projects\session-service\target\test-classes;D:\java projects\session-service\target\classes;C:\Users\k2has\.m2\repository\io\dropwizard\dropwizard-core\4.0.13\dropwizard-core-4.0.13.jar;C:\Users\k2has\.m2\repository\io\dropwizard\dropwizard-util\4.0.13\dropwizard-util-4.0.13.jar;C:\Users\k2has\.m2\repository\io\dropwizard\dropwizard-jackson\4.0.13\dropwizard-jackson-4.0.13.jar;C:\Users\k2has\.m2\repository\com\google\guava\guava\33.4.6-jre\guava-33.4.6-jre.jar;C:\Users\k2has\.m2\repository\com\google\guava\failureaccess\1.0.3\failureaccess-1.0.3.jar;C:\Users\k2has\.m2\repository\com\google\guava\listenablefuture\9999.0-empty-to-avoid-conflict-with-guava\listenablefuture-9999.0-empty-to-avoid-conflict-with-guava.jar;C:\Users\k2has\.m2\repository\org\jspecify\jspecify\1.0.0\jspecify-1.0.0.jar;C:\Users\k2has\.m2\repository\com\google\j2objc\j2objc-annotations\3.0.0\j2objc-annotations-3.0.0.jar;C:\Users\k2has\.m2\repository\com\github\ben-manes\caffeine\caffeine\3.2.0\caffeine-3.2.0.jar;C:\Users\k2has\.m2\repository\com\fasterxml\jackson\datatype\jackson-datatype-guava\2.18.3\jackson-datatype-guava-2.18.3.jar;C:\Users\k2has\.m2\repository\com\fasterxml\jackson\datatype\jackson-datatype-jsr310\2.18.3\jackson-datatype-jsr310-2.18.3.jar;C:\Users\k2has\.m2\repository\com\fasterxml\jackson\datatype\jackson-datatype-jdk8\2.18.3\jackson-datatype-jdk8-2.18.3.jar;C:\Users\k2has\.m2\repository\com\fasterxml\jackson\module\jackson-module-parameter-names\2.18.3\jackson-module-parameter-names-2.18.3.jar;C:\Users\k2has\.m2\repository\com\fasterxml\jackson\module\jackson-module-blackbird\2.18.3\jackson-module-blackbird-2.18.3.jar;C:\Users\k2has\.m2\repository\io\dropwizard\dropwizard-validation\4.0.13\dropwizard-validation-4.0.13.jar;C:\Users\k2has\.m2\repository\org\glassfish\jakarta.el\4.0.2\jakarta.el-4.0.2.jar;C:\Users\k2has\.m2\repository\jakarta\el\jakarta.el-api\4.0.0\jakarta.el-api-4.0.0.jar;C:\Users\k2has\.m2\repository\io\dropwizard\dropwizard-configuration\4.0.13\dropwizard-configuration-4.0.13.jar;C:\Users\k2has\.m2\repository\com\fasterxml\jackson\dataformat\jackson-dataformat-yaml\2.18.3\jackson-dataformat-yaml-2.18.3.jar;C:\Users\k2has\.m2\repository\org\yaml\snakeyaml\2.3\snakeyaml-2.3.jar;C:\Users\k2has\.m2\repository\org\apache\commons\commons-text\1.13.0\commons-text-1.13.0.jar;C:\Users\k2has\.m2\repository\org\apache\commons\commons-lang3\3.17.0\commons-lang3-3.17.0.jar;C:\Users\k2has\.m2\repository\io\dropwizard\dropwizard-logging\4.0.13\dropwizard-logging-4.0.13.jar;C:\Users\k2has\.m2\repository\io\dropwizard\metrics\metrics-logback\4.2.30\metrics-logback-4.2.30.jar;C:\Users\k2has\.m2\repository\org\slf4j\jul-to-slf4j\2.0.17\jul-to-slf4j-2.0.17.jar;C:\Users\k2has\.m2\repository\ch\qos\logback\logback-core\1.5.18\logback-core-1.5.18.jar;C:\Users\k2has\.m2\repository\com\google\errorprone\error_prone_annotations\2.31.0\error_prone_annotations-2.31.0.jar;C:\Users\k2has\.m2\repository\io\dropwizard\logback\logback-throttling-appender\1.4.2\logback-throttling-appender-1.4.2.jar;C:\Users\k2has\.m2\repository\org\slf4j\log4j-over-slf4j\2.0.17\log4j-over-slf4j-2.0.17.jar;C:\Users\k2has\.m2\repository\org\slf4j\jcl-over-slf4j\2.0.17\jcl-over-slf4j-2.0.17.jar;C:\Users\k2has\.m2\repository\io\dropwizard\dropwizard-metrics\4.0.13\dropwizard-metrics-4.0.13.jar;C:\Users\k2has\.m2\repository\io\dropwizard\dropwizard-jersey\4.0.13\dropwizard-jersey-4.0.13.jar;C:\Users\k2has\.m2\repository\org\glassfish\jersey\ext\jersey-metainf-services\3.0.17\jersey-metainf-services-3.0.17.jar;C:\Users\k2has\.m2\repository\org\glassfish\jersey\inject\jersey-hk2\3.0.17\jersey-hk2-3.0.17.jar;C:\Users\k2has\.m2\repository\org\glassfish\hk2\hk2-locator\3.0.6\hk2-locator-3.0.6.jar;C:\Users\k2has\.m2\repository\org\javassist\javassist\3.30.2-GA\javassist-3.30.2-GA.jar;C:\Users\k2has\.m2\repository\io\dropwizard\metrics\metrics-jersey3\4.2.30\metrics-jersey3-4.2.30.jar;C:\Users\k2has\.m2\repository\jakarta\annotation\jakarta.annotation-api\2.0.0\jakarta.annotation-api-2.0.0.jar;C:\Users\k2has\.m2\repository\org\glassfish\hk2\hk2-api\3.0.6\hk2-api-3.0.6.jar;C:\Users\k2has\.m2\repository\org\glassfish\hk2\hk2-utils\3.0.6\hk2-utils-3.0.6.jar;C:\Users\k2has\.m2\repository\org\glassfish\hk2\external\aopalliance-repackaged\3.0.6\aopalliance-repackaged-3.0.6.jar;C:\Users\k2has\.m2\repository\org\glassfish\jersey\containers\jersey-container-servlet\3.0.17\jersey-container-servlet-3.0.17.jar;C:\Users\k2has\.m2\repository\io\dropwizard\dropwizard-servlets\4.0.13\dropwizard-servlets-4.0.13.jar;C:\Users\k2has\.m2\repository\io\dropwizard\dropwizard-lifecycle\4.0.13\dropwizard-lifecycle-4.0.13.jar;C:\Users\k2has\.m2\repository\io\dropwizard\dropwizard-health\4.0.13\dropwizard-health-4.0.13.jar;C:\Users\k2has\.m2\repository\io\dropwizard\metrics\metrics-core\4.2.30\metrics-core-4.2.30.jar;C:\Users\k2has\.m2\repository\io\dropwizard\metrics\metrics-jetty11\4.2.30\metrics-jetty11-4.2.30.jar;C:\Users\k2has\.m2\repository\io\dropwizard\metrics\metrics-annotation\4.2.30\metrics-annotation-4.2.30.jar;C:\Users\k2has\.m2\repository\io\dropwizard\metrics\metrics-jvm\4.2.30\metrics-jvm-4.2.30.jar;C:\Users\k2has\.m2\repository\io\dropwizard\metrics\metrics-jmx\4.2.30\metrics-jmx-4.2.30.jar;C:\Users\k2has\.m2\repository\io\dropwizard\metrics\metrics-jakarta-servlets\4.2.30\metrics-jakarta-servlets-4.2.30.jar;C:\Users\k2has\.m2\repository\io\dropwizard\metrics\metrics-json\4.2.30\metrics-json-4.2.30.jar;C:\Users\k2has\.m2\repository\com\helger\profiler\1.1.1\profiler-1.1.1.jar;C:\Users\k2has\.m2\repository\io\dropwizard\metrics\metrics-healthchecks\4.2.30\metrics-healthchecks-4.2.30.jar;C:\Users\k2has\.m2\repository\io\dropwizard\dropwizard-request-logging\4.0.13\dropwizard-request-logging-4.0.13.jar;C:\Users\k2has\.m2\repository\ch\qos\logback\access\logback-access-common\2.0.6\logback-access-common-2.0.6.jar;C:\Users\k2has\.m2\repository\ch\qos\logback\access\logback-access-jetty11\2.0.6\logback-access-jetty11-2.0.6.jar;C:\Users\k2has\.m2\repository\ch\qos\logback\logback-classic\1.5.18\logback-classic-1.5.18.jar;C:\Users\k2has\.m2\repository\com\fasterxml\jackson\core\jackson-annotations\2.18.3\jackson-annotations-2.18.3.jar;C:\Users\k2has\.m2\repository\com\fasterxml\jackson\core\jackson-databind\2.18.3\jackson-databind-2.18.3.jar;C:\Users\k2has\.m2\repository\org\checkerframework\checker-qual\3.49.1\checker-qual-3.49.1.jar;C:\Users\k2has\.m2\repository\jakarta\servlet\jakarta.servlet-api\5.0.0\jakarta.servlet-api-5.0.0.jar;C:\Users\k2has\.m2\repository\jakarta\validation\jakarta.validation-api\3.0.2\jakarta.validation-api-3.0.2.jar;C:\Users\k2has\.m2\repository\jakarta\ws\rs\jakarta.ws.rs-api\3.0.0\jakarta.ws.rs-api-3.0.0.jar;C:\Users\k2has\.m2\repository\net\sourceforge\argparse4j\argparse4j\0.9.0\argparse4j-0.9.0.jar;C:\Users\k2has\.m2\repository\org\eclipse\jetty\jetty-security\11.0.25\jetty-security-11.0.25.jar;C:\Users\k2has\.m2\repository\org\eclipse\jetty\jetty-server\11.0.25\jetty-server-11.0.25.jar;C:\Users\k2has\.m2\repository\org\eclipse\jetty\jetty-servlet\11.0.25\jetty-servlet-11.0.25.jar;C:\Users\k2has\.m2\repository\org\eclipse\jetty\jetty-util\11.0.25\jetty-util-11.0.25.jar;C:\Users\k2has\.m2\repository\org\eclipse\jetty\toolchain\setuid\jetty-setuid-java\1.0.4\jetty-setuid-java-1.0.4.jar;C:\Users\k2has\.m2\repository\jakarta\inject\jakarta.inject-api\2.0.1.MR\jakarta.inject-api-2.0.1.MR.jar;C:\Users\k2has\.m2\repository\org\glassfish\jersey\core\jersey-common\3.0.17\jersey-common-3.0.17.jar;C:\Users\k2has\.m2\repository\org\glassfish\hk2\osgi-resource-locator\1.0.3\osgi-resource-locator-1.0.3.jar;C:\Users\k2has\.m2\repository\org\glassfish\jersey\ext\jersey-bean-validation\3.0.17\jersey-bean-validation-3.0.17.jar;C:\Users\k2has\.m2\repository\org\slf4j\slf4j-api\2.0.17\slf4j-api-2.0.17.jar;C:\Users\k2has\.m2\repository\io\dropwizard\dropwizard-jetty\4.0.13\dropwizard-jetty-4.0.13.jar;C:\Users\k2has\.m2\repository\com\fasterxml\jackson\core\jackson-core\2.18.3\jackson-core-2.18.3.jar;C:\Users\k2has\.m2\repository\org\eclipse\jetty\jetty-io\11.0.25\jetty-io-11.0.25.jar;C:\Users\k2has\.m2\repository\org\eclipse\jetty\jetty-servlets\11.0.25\jetty-servlets-11.0.25.jar;C:\Users\k2has\.m2\repository\org\eclipse\jetty\jetty-http\11.0.25\jetty-http-11.0.25.jar;C:\Users\k2has\.m2\repository\io\dropwizard\dropwizard-jdbi3\4.0.13\dropwizard-jdbi3-4.0.13.jar;C:\Users\k2has\.m2\repository\io\dropwizard\dropwizard-db\4.0.13\dropwizard-db-4.0.13.jar;C:\Users\k2has\.m2\repository\org\apache\tomcat\tomcat-jdbc\10.1.39\tomcat-jdbc-10.1.39.jar;C:\Users\k2has\.m2\repository\org\apache\tomcat\tomcat-juli\10.1.39\tomcat-juli-10.1.39.jar;C:\Users\k2has\.m2\repository\org\jdbi\jdbi3-core\3.48.0\jdbi3-core-3.48.0.jar;C:\Users\k2has\.m2\repository\io\leangen\geantyref\geantyref\2.0.0\geantyref-2.0.0.jar;C:\Users\k2has\.m2\repository\org\jdbi\jdbi3-sqlobject\3.48.0\jdbi3-sqlobject-3.48.0.jar;C:\Users\k2has\.m2\repository\org\jdbi\jdbi3-guava\3.48.0\jdbi3-guava-3.48.0.jar;C:\Users\k2has\.m2\repository\io\dropwizard\metrics\metrics-jdbi3\4.2.30\metrics-jdbi3-4.2.30.jar;C:\Users\k2has\.m2\repository\io\dropwizard\dropwizard-testing\4.0.13\dropwizard-testing-4.0.13.jar;C:\Users\k2has\.m2\repository\com\fasterxml\jackson\jakarta\rs\jackson-jakarta-rs-json-provider\2.18.3\jackson-jakarta-rs-json-provider-2.18.3.jar;C:\Users\k2has\.m2\repository\com\fasterxml\jackson\jakarta\rs\jackson-jakarta-rs-base\2.18.3\jackson-jakarta-rs-base-2.18.3.jar;C:\Users\k2has\.m2\repository\com\fasterxml\jackson\module\jackson-module-jakarta-xmlbind-annotations\2.18.3\jackson-module-jakarta-xmlbind-annotations-2.18.3.jar;C:\Users\k2has\.m2\repository\org\glassfish\jersey\containers\jersey-container-servlet-core\3.0.17\jersey-container-servlet-core-3.0.17.jar;C:\Users\k2has\.m2\repository\org\glassfish\jersey\connectors\jersey-apache5-connector\3.0.17\jersey-apache5-connector-3.0.17.jar;C:\Users\k2has\.m2\repository\org\apache\httpcomponents\client5\httpclient5\5.4.3\httpclient5-5.4.3.jar;C:\Users\k2has\.m2\repository\org\apache\httpcomponents\core5\httpcore5-h2\5.3.4\httpcore5-h2-5.3.4.jar;C:\Users\k2has\.m2\repository\org\apache\httpcomponents\core5\httpcore5\5.3.4\httpcore5-5.3.4.jar;C:\Users\k2has\.m2\repository\org\glassfish\jersey\core\jersey-client\3.0.17\jersey-client-3.0.17.jar;C:\Users\k2has\.m2\repository\org\glassfish\jersey\core\jersey-server\3.0.17\jersey-server-3.0.17.jar;C:\Users\k2has\.m2\repository\org\glassfish\jersey\test-framework\jersey-test-framework-core\3.0.17\jersey-test-framework-core-3.0.17.jar;C:\Users\k2has\.m2\repository\org\glassfish\jersey\media\jersey-media-jaxb\3.0.17\jersey-media-jaxb-3.0.17.jar;C:\Users\k2has\.m2\repository\org\hamcrest\hamcrest\3.0\hamcrest-3.0.jar;C:\Users\k2has\.m2\repository\org\glassfish\jersey\test-framework\providers\jersey-test-framework-provider-inmemory\3.0.17\jersey-test-framework-provider-inmemory-3.0.17.jar;C:\Users\k2has\.m2\repository\jakarta\activation\jakarta.activation-api\2.0.1\jakarta.activation-api-2.0.1.jar;C:\Users\k2has\.m2\repository\jakarta\xml\bind\jakarta.xml.bind-api\3.0.1\jakarta.xml.bind-api-3.0.1.jar;C:\Users\k2has\.m2\repository\com\sun\activation\jakarta.activation\2.0.1\jakarta.activation-2.0.1.jar;C:\Users\k2has\.m2\repository\org\hibernate\validator\hibernate-validator\8.0.0.Final\hibernate-validator-8.0.0.Final.jar;C:\Users\k2has\.m2\repository\org\jboss\logging\jboss-logging\3.4.1.Final\jboss-logging-3.4.1.Final.jar;C:\Users\k2has\.m2\repository\com\fasterxml\classmate\1.5.1\classmate-1.5.1.jar;C:\Users\k2has\.m2\repository\com\mysql\mysql-connector-j\8.0.33\mysql-connector-j-8.0.33.jar;C:\Users\k2has\.m2\repository\com\google\protobuf\protobuf-java\3.21.9\protobuf-java-3.21.9.jar;C:\Users\k2has\.m2\repository\org\junit\jupiter\junit-jupiter\5.10.0\junit-jupiter-5.10.0.jar;C:\Users\k2has\.m2\repository\org\junit\jupiter\junit-jupiter-api\5.10.0\junit-jupiter-api-5.10.0.jar;C:\Users\k2has\.m2\repository\org\opentest4j\opentest4j\1.3.0\opentest4j-1.3.0.jar;C:\Users\k2has\.m2\repository\org\junit\platform\junit-platform-commons\1.10.0\junit-platform-commons-1.10.0.jar;C:\Users\k2has\.m2\repository\org\apiguardian\apiguardian-api\1.1.2\apiguardian-api-1.1.2.jar;C:\Users\k2has\.m2\repository\org\junit\jupiter\junit-jupiter-params\5.10.0\junit-jupiter-params-5.10.0.jar;C:\Users\k2has\.m2\repository\org\junit\jupiter\junit-jupiter-engine\5.10.0\junit-jupiter-engine-5.10.0.jar;C:\Users\k2has\.m2\repository\org\junit\platform\junit-platform-engine\1.10.0\junit-platform-engine-1.10.0.jar;C:\Users\k2has\.m2\repository\org\mockito\mockito-core\5.10.0\mockito-core-5.10.0.jar;C:\Users\k2has\.m2\repository\net\bytebuddy\byte-buddy\1.14.11\byte-buddy-1.14.11.jar;C:\Users\k2has\.m2\repository\net\bytebuddy\byte-buddy-agent\1.14.11\byte-buddy-agent-1.14.11.jar;C:\Users\k2has\.m2\repository\org\objenesis\objenesis\3.3\objenesis-3.3.jar;"/>
    <property name="java.vm.vendor" value="Oracle Corporation"/>
    <property name="sun.arch.data.model" value="64"/>
    <property name="user.variant" value=""/>
    <property name="java.vendor.url" value="https://java.oracle.com/"/>
    <property name="user.timezone" value="Asia/Colombo"/>
    <property name="os.name" value="Windows 11"/>
    <property name="java.vm.specification.version" value="19"/>
    <property name="sun.java.launcher" value="SUN_STANDARD"/>
    <property name="user.country" value="US"/>
    <property name="sun.boot.library.path" value="C:\Program Files\Java\jdk-19\bin"/>
    <property name="sun.java.command" value="C:\Users\k2has\AppData\Local\Temp\surefire1240518945270676873\surefirebooter-20250406171208487_3.jar C:\Users\k2has\AppData\Local\Temp\surefire1240518945270676873 2025-04-06T17-12-08_282-jvmRun1 surefire-20250406171208487_1tmp surefire_0-20250406171208487_2tmp"/>
    <property name="jdk.debug" value="release"/>
    <property name="surefire.test.class.path" value="D:\java projects\session-service\target\test-classes;D:\java projects\session-service\target\classes;C:\Users\k2has\.m2\repository\io\dropwizard\dropwizard-core\4.0.13\dropwizard-core-4.0.13.jar;C:\Users\k2has\.m2\repository\io\dropwizard\dropwizard-util\4.0.13\dropwizard-util-4.0.13.jar;C:\Users\k2has\.m2\repository\io\dropwizard\dropwizard-jackson\4.0.13\dropwizard-jackson-4.0.13.jar;C:\Users\k2has\.m2\repository\com\google\guava\guava\33.4.6-jre\guava-33.4.6-jre.jar;C:\Users\k2has\.m2\repository\com\google\guava\failureaccess\1.0.3\failureaccess-1.0.3.jar;C:\Users\k2has\.m2\repository\com\google\guava\listenablefuture\9999.0-empty-to-avoid-conflict-with-guava\listenablefuture-9999.0-empty-to-avoid-conflict-with-guava.jar;C:\Users\k2has\.m2\repository\org\jspecify\jspecify\1.0.0\jspecify-1.0.0.jar;C:\Users\k2has\.m2\repository\com\google\j2objc\j2objc-annotations\3.0.0\j2objc-annotations-3.0.0.jar;C:\Users\k2has\.m2\repository\com\github\ben-manes\caffeine\caffeine\3.2.0\caffeine-3.2.0.jar;C:\Users\k2has\.m2\repository\com\fasterxml\jackson\datatype\jackson-datatype-guava\2.18.3\jackson-datatype-guava-2.18.3.jar;C:\Users\k2has\.m2\repository\com\fasterxml\jackson\datatype\jackson-datatype-jsr310\2.18.3\jackson-datatype-jsr310-2.18.3.jar;C:\Users\k2has\.m2\repository\com\fasterxml\jackson\datatype\jackson-datatype-jdk8\2.18.3\jackson-datatype-jdk8-2.18.3.jar;C:\Users\k2has\.m2\repository\com\fasterxml\jackson\module\jackson-module-parameter-names\2.18.3\jackson-module-parameter-names-2.18.3.jar;C:\Users\k2has\.m2\repository\com\fasterxml\jackson\module\jackson-module-blackbird\2.18.3\jackson-module-blackbird-2.18.3.jar;C:\Users\k2has\.m2\repository\io\dropwizard\dropwizard-validation\4.0.13\dropwizard-validation-4.0.13.jar;C:\Users\k2has\.m2\repository\org\glassfish\jakarta.el\4.0.2\jakarta.el-4.0.2.jar;C:\Users\k2has\.m2\repository\jakarta\el\jakarta.el-api\4.0.0\jakarta.el-api-4.0.0.jar;C:\Users\k2has\.m2\repository\io\dropwizard\dropwizard-configuration\4.0.13\dropwizard-configuration-4.0.13.jar;C:\Users\k2has\.m2\repository\com\fasterxml\jackson\dataformat\jackson-dataformat-yaml\2.18.3\jackson-dataformat-yaml-2.18.3.jar;C:\Users\k2has\.m2\repository\org\yaml\snakeyaml\2.3\snakeyaml-2.3.jar;C:\Users\k2has\.m2\repository\org\apache\commons\commons-text\1.13.0\commons-text-1.13.0.jar;C:\Users\k2has\.m2\repository\org\apache\commons\commons-lang3\3.17.0\commons-lang3-3.17.0.jar;C:\Users\k2has\.m2\repository\io\dropwizard\dropwizard-logging\4.0.13\dropwizard-logging-4.0.13.jar;C:\Users\k2has\.m2\repository\io\dropwizard\metrics\metrics-logback\4.2.30\metrics-logback-4.2.30.jar;C:\Users\k2has\.m2\repository\org\slf4j\jul-to-slf4j\2.0.17\jul-to-slf4j-2.0.17.jar;C:\Users\k2has\.m2\repository\ch\qos\logback\logback-core\1.5.18\logback-core-1.5.18.jar;C:\Users\k2has\.m2\repository\com\google\errorprone\error_prone_annotations\2.31.0\error_prone_annotations-2.31.0.jar;C:\Users\k2has\.m2\repository\io\dropwizard\logback\logback-throttling-appender\1.4.2\logback-throttling-appender-1.4.2.jar;C:\Users\k2has\.m2\repository\org\slf4j\log4j-over-slf4j\2.0.17\log4j-over-slf4j-2.0.17.jar;C:\Users\k2has\.m2\repository\org\slf4j\jcl-over-slf4j\2.0.17\jcl-over-slf4j-2.0.17.jar;C:\Users\k2has\.m2\repository\io\dropwizard\dropwizard-metrics\4.0.13\dropwizard-metrics-4.0.13.jar;C:\Users\k2has\.m2\repository\io\dropwizard\dropwizard-jersey\4.0.13\dropwizard-jersey-4.0.13.jar;C:\Users\k2has\.m2\repository\org\glassfish\jersey\ext\jersey-metainf-services\3.0.17\jersey-metainf-services-3.0.17.jar;C:\Users\k2has\.m2\repository\org\glassfish\jersey\inject\jersey-hk2\3.0.17\jersey-hk2-3.0.17.jar;C:\Users\k2has\.m2\repository\org\glassfish\hk2\hk2-locator\3.0.6\hk2-locator-3.0.6.jar;C:\Users\k2has\.m2\repository\org\javassist\javassist\3.30.2-GA\javassist-3.30.2-GA.jar;C:\Users\k2has\.m2\repository\io\dropwizard\metrics\metrics-jersey3\4.2.30\metrics-jersey3-4.2.30.jar;C:\Users\k2has\.m2\repository\jakarta\annotation\jakarta.annotation-api\2.0.0\jakarta.annotation-api-2.0.0.jar;C:\Users\k2has\.m2\repository\org\glassfish\hk2\hk2-api\3.0.6\hk2-api-3.0.6.jar;C:\Users\k2has\.m2\repository\org\glassfish\hk2\hk2-utils\3.0.6\hk2-utils-3.0.6.jar;C:\Users\k2has\.m2\repository\org\glassfish\hk2\external\aopalliance-repackaged\3.0.6\aopalliance-repackaged-3.0.6.jar;C:\Users\k2has\.m2\repository\org\glassfish\jersey\containers\jersey-container-servlet\3.0.17\jersey-container-servlet-3.0.17.jar;C:\Users\k2has\.m2\repository\io\dropwizard\dropwizard-servlets\4.0.13\dropwizard-servlets-4.0.13.jar;C:\Users\k2has\.m2\repository\io\dropwizard\dropwizard-lifecycle\4.0.13\dropwizard-lifecycle-4.0.13.jar;C:\Users\k2has\.m2\repository\io\dropwizard\dropwizard-health\4.0.13\dropwizard-health-4.0.13.jar;C:\Users\k2has\.m2\repository\io\dropwizard\metrics\metrics-core\4.2.30\metrics-core-4.2.30.jar;C:\Users\k2has\.m2\repository\io\dropwizard\metrics\metrics-jetty11\4.2.30\metrics-jetty11-4.2.30.jar;C:\Users\k2has\.m2\repository\io\dropwizard\metrics\metrics-annotation\4.2.30\metrics-annotation-4.2.30.jar;C:\Users\k2has\.m2\repository\io\dropwizard\metrics\metrics-jvm\4.2.30\metrics-jvm-4.2.30.jar;C:\Users\k2has\.m2\repository\io\dropwizard\metrics\metrics-jmx\4.2.30\metrics-jmx-4.2.30.jar;C:\Users\k2has\.m2\repository\io\dropwizard\metrics\metrics-jakarta-servlets\4.2.30\metrics-jakarta-servlets-4.2.30.jar;C:\Users\k2has\.m2\repository\io\dropwizard\metrics\metrics-json\4.2.30\metrics-json-4.2.30.jar;C:\Users\k2has\.m2\repository\com\helger\profiler\1.1.1\profiler-1.1.1.jar;C:\Users\k2has\.m2\repository\io\dropwizard\metrics\metrics-healthchecks\4.2.30\metrics-healthchecks-4.2.30.jar;C:\Users\k2has\.m2\repository\io\dropwizard\dropwizard-request-logging\4.0.13\dropwizard-request-logging-4.0.13.jar;C:\Users\k2has\.m2\repository\ch\qos\logback\access\logback-access-common\2.0.6\logback-access-common-2.0.6.jar;C:\Users\k2has\.m2\repository\ch\qos\logback\access\logback-access-jetty11\2.0.6\logback-access-jetty11-2.0.6.jar;C:\Users\k2has\.m2\repository\ch\qos\logback\logback-classic\1.5.18\logback-classic-1.5.18.jar;C:\Users\k2has\.m2\repository\com\fasterxml\jackson\core\jackson-annotations\2.18.3\jackson-annotations-2.18.3.jar;C:\Users\k2has\.m2\repository\com\fasterxml\jackson\core\jackson-databind\2.18.3\jackson-databind-2.18.3.jar;C:\Users\k2has\.m2\repository\org\checkerframework\checker-qual\3.49.1\checker-qual-3.49.1.jar;C:\Users\k2has\.m2\repository\jakarta\servlet\jakarta.servlet-api\5.0.0\jakarta.servlet-api-5.0.0.jar;C:\Users\k2has\.m2\repository\jakarta\validation\jakarta.validation-api\3.0.2\jakarta.validation-api-3.0.2.jar;C:\Users\k2has\.m2\repository\jakarta\ws\rs\jakarta.ws.rs-api\3.0.0\jakarta.ws.rs-api-3.0.0.jar;C:\Users\k2has\.m2\repository\net\sourceforge\argparse4j\argparse4j\0.9.0\argparse4j-0.9.0.jar;C:\Users\k2has\.m2\repository\org\eclipse\jetty\jetty-security\11.0.25\jetty-security-11.0.25.jar;C:\Users\k2has\.m2\repository\org\eclipse\jetty\jetty-server\11.0.25\jetty-server-11.0.25.jar;C:\Users\k2has\.m2\repository\org\eclipse\jetty\jetty-servlet\11.0.25\jetty-servlet-11.0.25.jar;C:\Users\k2has\.m2\repository\org\eclipse\jetty\jetty-util\11.0.25\jetty-util-11.0.25.jar;C:\Users\k2has\.m2\repository\org\eclipse\jetty\toolchain\setuid\jetty-setuid-java\1.0.4\jetty-setuid-java-1.0.4.jar;C:\Users\k2has\.m2\repository\jakarta\inject\jakarta.inject-api\2.0.1.MR\jakarta.inject-api-2.0.1.MR.jar;C:\Users\k2has\.m2\repository\org\glassfish\jersey\core\jersey-common\3.0.17\jersey-common-3.0.17.jar;C:\Users\k2has\.m2\repository\org\glassfish\hk2\osgi-resource-locator\1.0.3\osgi-resource-locator-1.0.3.jar;C:\Users\k2has\.m2\repository\org\glassfish\jersey\ext\jersey-bean-validation\3.0.17\jersey-bean-validation-3.0.17.jar;C:\Users\k2has\.m2\repository\org\slf4j\slf4j-api\2.0.17\slf4j-api-2.0.17.jar;C:\Users\k2has\.m2\repository\io\dropwizard\dropwizard-jetty\4.0.13\dropwizard-jetty-4.0.13.jar;C:\Users\k2has\.m2\repository\com\fasterxml\jackson\core\jackson-core\2.18.3\jackson-core-2.18.3.jar;C:\Users\k2has\.m2\repository\org\eclipse\jetty\jetty-io\11.0.25\jetty-io-11.0.25.jar;C:\Users\k2has\.m2\repository\org\eclipse\jetty\jetty-servlets\11.0.25\jetty-servlets-11.0.25.jar;C:\Users\k2has\.m2\repository\org\eclipse\jetty\jetty-http\11.0.25\jetty-http-11.0.25.jar;C:\Users\k2has\.m2\repository\io\dropwizard\dropwizard-jdbi3\4.0.13\dropwizard-jdbi3-4.0.13.jar;C:\Users\k2has\.m2\repository\io\dropwizard\dropwizard-db\4.0.13\dropwizard-db-4.0.13.jar;C:\Users\k2has\.m2\repository\org\apache\tomcat\tomcat-jdbc\10.1.39\tomcat-jdbc-10.1.39.jar;C:\Users\k2has\.m2\repository\org\apache\tomcat\tomcat-juli\10.1.39\tomcat-juli-10.1.39.jar;C:\Users\k2has\.m2\repository\org\jdbi\jdbi3-core\3.48.0\jdbi3-core-3.48.0.jar;C:\Users\k2has\.m2\repository\io\leangen\geantyref\geantyref\2.0.0\geantyref-2.0.0.jar;C:\Users\k2has\.m2\repository\org\jdbi\jdbi3-sqlobject\3.48.0\jdbi3-sqlobject-3.48.0.jar;C:\Users\k2has\.m2\repository\org\jdbi\jdbi3-guava\3.48.0\jdbi3-guava-3.48.0.jar;C:\Users\k2has\.m2\repository\io\dropwizard\metrics\metrics-jdbi3\4.2.30\metrics-jdbi3-4.2.30.jar;C:\Users\k2has\.m2\repository\io\dropwizard\dropwizard-testing\4.0.13\dropwizard-testing-4.0.13.jar;C:\Users\k2has\.m2\repository\com\fasterxml\jackson\jakarta\rs\jackson-jakarta-rs-json-provider\2.18.3\jackson-jakarta-rs-json-provider-2.18.3.jar;C:\Users\k2has\.m2\repository\com\fasterxml\jackson\jakarta\rs\jackson-jakarta-rs-base\2.18.3\jackson-jakarta-rs-base-2.18.3.jar;C:\Users\k2has\.m2\repository\com\fasterxml\jackson\module\jackson-module-jakarta-xmlbind-annotations\2.18.3\jackson-module-jakarta-xmlbind-annotations-2.18.3.jar;C:\Users\k2has\.m2\repository\org\glassfish\jersey\containers\jersey-container-servlet-core\3.0.17\jersey-container-servlet-core-3.0.17.jar;C:\Users\k2has\.m2\repository\org\glassfish\jersey\connectors\jersey-apache5-connector\3.0.17\jersey-apache5-connector-3.0.17.jar;C:\Users\k2has\.m2\repository\org\apache\httpcomponents\client5\httpclient5\5.4.3\httpclient5-5.4.3.jar;C:\Users\k2has\.m2\repository\org\apache\httpcomponents\core5\httpcore5-h2\5.3.4\httpcore5-h2-5.3.4.jar;C:\Users\k2has\.m2\repository\org\apache\httpcomponents\core5\httpcore5\5.3.4\httpcore5-5.3.4.jar;C:\Users\k2has\.m2\repository\org\glassfish\jersey\core\jersey-client\3.0.17\jersey-client-3.0.17.jar;C:\Users\k2has\.m2\repository\org\glassfish\jersey\core\jersey-server\3.0.17\jersey-server-3.0.17.jar;C:\Users\k2has\.m2\repository\org\glassfish\jersey\test-framework\jersey-test-framework-core\3.0.17\jersey-test-framework-core-3.0.17.jar;C:\Users\k2has\.m2\repository\org\glassfish\jersey\media\jersey-media-jaxb\3.0.17\jersey-media-jaxb-3.0.17.jar;C:\Users\k2has\.m2\repository\org\hamcrest\hamcrest\3.0\hamcrest-3.0.jar;C:\Users\k2has\.m2\repository\org\glassfish\jersey\test-framework\providers\jersey-test-framework-provider-inmemory\3.0.17\jersey-test-framework-provider-inmemory-3.0.17.jar;C:\Users\k2has\.m2\repository\jakarta\activation\jakarta.activation-api\2.0.1\jakarta.activation-api-2.0.1.jar;C:\Users\k2has\.m2\repository\jakarta\xml\bind\jakarta.xml.bind-api\3.0.1\jakarta.xml.bind-api-3.0.1.jar;C:\Users\k2has\.m2\repository\com\sun\activation\jakarta.activation\2.0.1\jakarta.activation-2.0.1.jar;C:\Users\k2has\.m2\repository\org\hibernate\validator\hibernate-validator\8.0.0.Final\hibernate-validator-8.0.0.Final.jar;C:\Users\k2has\.m2\repository\org\jboss\logging\jboss-logging\3.4.1.Final\jboss-logging-3.4.1.Final.jar;C:\Users\k2has\.m2\repository\com\fasterxml\classmate\1.5.1\classmate-1.5.1.jar;C:\Users\k2has\.m2\repository\com\mysql\mysql-connector-j\8.0.33\mysql-connector-j-8.0.33.jar;C:\Users\k2has\.m2\repository\com\google\protobuf\protobuf-java\3.21.9\protobuf-java-3.21.9.jar;C:\Users\k2has\.m2\repository\org\junit\jupiter\junit-jupiter\5.10.0\junit-jupiter-5.10.0.jar;C:\Users\k2has\.m2\repository\org\junit\jupiter\junit-jupiter-api\5.10.0\junit-jupiter-api-5.10.0.jar;C:\Users\k2has\.m2\repository\org\opentest4j\opentest4j\1.3.0\opentest4j-1.3.0.jar;C:\Users\k2has\.m2\repository\org\junit\platform\junit-platform-commons\1.10.0\junit-platform-commons-1.10.0.jar;C:\Users\k2has\.m2\repository\org\apiguardian\apiguardian-api\1.1.2\apiguardian-api-1.1.2.jar;C:\Users\k2has\.m2\repository\org\junit\jupiter\junit-jupiter-params\5.10.0\junit-jupiter-params-5.10.0.jar;C:\Users\k2has\.m2\repository\org\junit\jupiter\junit-jupiter-engine\5.10.0\junit-jupiter-engine-5.10.0.jar;C:\Users\k2has\.m2\repository\org\junit\platform\junit-platform-engine\1.10.0\junit-platform-engine-1.10.0.jar;C:\Users\k2has\.m2\repository\org\mockito\mockito-core\5.10.0\mockito-core-5.10.0.jar;C:\Users\k2has\.m2\repository\net\bytebuddy\byte-buddy\1.14.11\byte-buddy-1.14.11.jar;C:\Users\k2has\.m2\repository\net\bytebuddy\byte-buddy-agent\1.14.11\byte-buddy-agent-1.14.11.jar;C:\Users\k2has\.m2\repository\org\objenesis\objenesis\3.3\objenesis-3.3.jar;"/>
    <property name="sun.cpu.endian" value="little"/>
    <property name="user.home" value="C:\Users\k2has"/>
    <property name="user.language" value="en"/>
    <property name="java.specification.vendor" value="Oracle Corporation"/>
    <property name="java.version.date" value="2023-01-17"/>
    <property name="java.home" value="C:\Program Files\Java\jdk-19"/>
    <property name="file.separator" value="\"/>
    <property name="basedir" value="D:\java projects\session-service"/>
    <property name="java.vm.compressedOopsMode" value="Zero based"/>
    <property name="line.separator" value="&#10;"/>
    <property name="java.vm.specification.vendor" value="Oracle Corporation"/>
    <property name="java.specification.name" value="Java Platform API Specification"/>
    <property name="surefire.real.class.path" value="C:\Users\k2has\AppData\Local\Temp\surefire1240518945270676873\surefirebooter-20250406171208487_3.jar"/>
    <property name="user.script" value=""/>
    <property name="sun.management.compiler" value="HotSpot 64-Bit Tiered Compilers"/>
    <property name="java.runtime.version" value="19.0.2+7-44"/>
    <property name="user.name" value="k2has"/>
    <property name="stdout.encoding" value="Cp1252"/>
    <property name="path.separator" value=";"/>
    <property name="os.version" value="10.0"/>
    <property name="java.runtime.name" value="Java(TM) SE Runtime Environment"/>
    <property name="file.encoding" value="UTF-8"/>
    <property name="java.vm.name" value="Java HotSpot(TM) 64-Bit Server VM"/>
    <property name="localRepository" value="C:\Users\k2has\.m2\repository"/>
    <property name="java.vendor.url.bug" value="https://bugreport.java.com/bugreport/"/>
    <property name="java.io.tmpdir" value="C:\Users\k2has\AppData\Local\Temp\"/>
    <property name="java.version" value="19.0.2"/>
    <property name="user.dir" value="D:\java projects\session-service"/>
    <property name="os.arch" value="amd64"/>
    <property name="java.vm.specification.name" value="Java Virtual Machine Specification"/>
    <property name="sun.os.patch.level" value=""/>
    <property name="native.encoding" value="Cp1252"/>
    <property name="java.library.path" value="C:\Program Files\Java\jdk-19\bin;C:\WINDOWS\Sun\Java\bin;C:\WINDOWS\system32;C:\WINDOWS;C:\Python313\Scripts\;C:\Python313\;C:\Program Files\Common Files\Oracle\Java\javapath;C:\Python311\Scripts\;C:\Python311\;C:\Program Files (x86)\Common Files\Oracle\Java\javapath;C:\Windows\system32;C:\Windows;C:\Windows\System32\Wbem;C:\Windows\System32\WindowsPowerShell\v1.0\;C:\Windows\System32\OpenSSH\;C:\Program Files\NVIDIA Corporation\NVIDIA NvDLISR;C:\Program Files (x86)\NVIDIA Corporation\PhysX\Common;C:\Program Files\Git\cmd;C:\Program Files\Java\jdk-19\bin;C:\MinGW\bin;C:\WINDOWS\system32;C:\WINDOWS;C:\WINDOWS\System32\Wbem;C:\WINDOWS\System32\WindowsPowerShell\v1.0\;C:\WINDOWS\System32\OpenSSH\;C:\Program Files\flutter\bin;C:\Program Files\dotnet\;C:\MinGw Install\MinGW\bin;C:\Program Files\Microsoft VS Code\bin;C:\Program Files\Apache Software Foundation\apache-maven-3.9.1\bin;C:\ProgramData\chocolatey\bin;C:\Program Files\MySQL\MySQL Server 8.0\bin;C:\Program Files\nodejs\;C:\Program Files\Docker\Docker\resources\bin;C:\Users\k2has\AppData\Local\Programs\Python\Python39\Scripts\;C:\Users\k2has\AppData\Local\Programs\Python\Python39\;C:\Users\k2has\AppData\Local\Microsoft\WindowsApps;;C:\Program Files\JetBrains\IntelliJ IDEA Community Edition 2021.1.3\bin;;C:\Users\k2has\AppData\Roaming\npm;."/>
    <property name="java.vm.info" value="mixed mode, sharing"/>
    <property name="stderr.encoding" value="Cp1252"/>
    <property name="java.vendor" value="Oracle Corporation"/>
    <property name="java.vm.version" value="19.0.2+7-44"/>
    <property name="sun.io.unicode.encoding" value="UnicodeLittle"/>
    <property name="java.class.version" value="63.0"/>
  </properties>
  <testcase name="testAccessWithoutApiKey" classname="com.conference.auth.ApiKeyAuthFilterTest" time="0.034"/>
  <testcase name="testAccessWithEmptyApiKey" classname="com.conference.auth.ApiKeyAuthFilterTest" time="0.003"/>
  <testcase name="testAccessWithTrimmedValidKey" classname="com.conference.auth.ApiKeyAuthFilterTest" time="0.002"/>
  <testcase name="testAccessWithLowerCaseHeaderName" classname="com.conference.auth.ApiKeyAuthFilterTest" time="0.006"/>
  <testcase name="testAccessWithValidApiKey" classname="com.conference.auth.ApiKeyAuthFilterTest" time="0.003"/>
  <testcase name="testAccessWithInvalidApiKey" classname="com.conference.auth.ApiKeyAuthFilterTest" time="0.002"/>
  <testcase name="testAccessWithWhitespaceApiKey" classname="com.conference.auth.ApiKeyAuthFilterTest" time="0.002"/>
</testsuite>